Analysis & Synthesis report for CycloneV_BlockRomExample
Sat Sep 22 23:29:51 2018
Quartus Prime Version 18.0.0 Build 614 04/24/2018 SJ Lite Edition


---------------------
; Table of Contents ;
---------------------
  1. Legal Notice
  2. Analysis & Synthesis Summary
  3. Analysis & Synthesis Settings
  4. Parallel Compilation
  5. Analysis & Synthesis Source Files Read
  6. Analysis & Synthesis Resource Usage Summary
  7. Analysis & Synthesis Resource Utilization by Entity
  8. Analysis & Synthesis RAM Summary
  9. Analysis & Synthesis IP Cores Summary
 10. General Register Statistics
 11. Source assignments for rom:BlockROM|altsyncram:altsyncram_component|altsyncram_jk24:auto_generated
 12. Parameter Settings for User Entity Instance: rom:BlockROM|altsyncram:altsyncram_component
 13. altsyncram Parameter Settings by Entity Instance
 14. Post-Synthesis Netlist Statistics for Top Partition
 15. Elapsed Time Per Partition
 16. Analysis & Synthesis Messages



----------------
; Legal Notice ;
----------------
Copyright (C) 2018  Intel Corporation. All rights reserved.
Your use of Intel Corporation's design tools, logic functions 
and other software and tools, and its AMPP partner logic 
functions, and any output files from any of the foregoing 
(including device programming or simulation files), and any 
associated documentation or information are expressly subject 
to the terms and conditions of the Intel Program License 
Subscription Agreement, the Intel Quartus Prime License Agreement,
the Intel FPGA IP License Agreement, or other applicable license
agreement, including, without limitation, that your use is for
the sole purpose of programming logic devices manufactured by
Intel and sold by Intel or its authorized distributors.  Please
refer to the applicable agreement for further details.



+-------------------------------------------------------------------------------+
; Analysis & Synthesis Summary                                                  ;
+---------------------------------+---------------------------------------------+
; Analysis & Synthesis Status     ; Successful - Sat Sep 22 23:29:51 2018       ;
; Quartus Prime Version           ; 18.0.0 Build 614 04/24/2018 SJ Lite Edition ;
; Revision Name                   ; CycloneV_BlockRomExample                    ;
; Top-level Entity Name           ; CycloneV_BlockRomExample                    ;
; Family                          ; Cyclone V                                   ;
; Logic utilization (in ALMs)     ; N/A                                         ;
; Total registers                 ; 32                                          ;
; Total pins                      ; 30                                          ;
; Total virtual pins              ; 0                                           ;
; Total block memory bits         ; 2,048                                       ;
; Total DSP Blocks                ; 0                                           ;
; Total HSSI RX PCSs              ; 0                                           ;
; Total HSSI PMA RX Deserializers ; 0                                           ;
; Total HSSI TX PCSs              ; 0                                           ;
; Total HSSI PMA TX Serializers   ; 0                                           ;
; Total PLLs                      ; 0                                           ;
; Total DLLs                      ; 0                                           ;
+---------------------------------+---------------------------------------------+


+---------------------------------------------------------------------------------------------------------------------------------------+
; Analysis & Synthesis Settings                                                                                                         ;
+---------------------------------------------------------------------------------+--------------------------+--------------------------+
; Option                                                                          ; Setting                  ; Default Value            ;
+---------------------------------------------------------------------------------+--------------------------+--------------------------+
; Device                                                                          ; 5CGXFC5C6F27C7           ;                          ;
; Top-level entity name                                                           ; CycloneV_BlockRomExample ; CycloneV_BlockRomExample ;
; Family name                                                                     ; Cyclone V                ; Cyclone V                ;
; Use smart compilation                                                           ; Off                      ; Off                      ;
; Enable parallel Assembler and Timing Analyzer during compilation                ; On                       ; On                       ;
; Enable compact report table                                                     ; Off                      ; Off                      ;
; Restructure Multiplexers                                                        ; Auto                     ; Auto                     ;
; MLAB Add Timing Constraints For Mixed-Port Feed-Through Mode Setting Don't Care ; Off                      ; Off                      ;
; Create Debugging Nodes for IP Cores                                             ; Off                      ; Off                      ;
; Preserve fewer node names                                                       ; On                       ; On                       ;
; Intel FPGA IP Evaluation Mode                                                   ; Enable                   ; Enable                   ;
; Verilog Version                                                                 ; Verilog_2001             ; Verilog_2001             ;
; VHDL Version                                                                    ; VHDL_1993                ; VHDL_1993                ;
; State Machine Processing                                                        ; Auto                     ; Auto                     ;
; Safe State Machine                                                              ; Off                      ; Off                      ;
; Extract Verilog State Machines                                                  ; On                       ; On                       ;
; Extract VHDL State Machines                                                     ; On                       ; On                       ;
; Ignore Verilog initial constructs                                               ; Off                      ; Off                      ;
; Iteration limit for constant Verilog loops                                      ; 5000                     ; 5000                     ;
; Iteration limit for non-constant Verilog loops                                  ; 250                      ; 250                      ;
; Add Pass-Through Logic to Inferred RAMs                                         ; On                       ; On                       ;
; Infer RAMs from Raw Logic                                                       ; On                       ; On                       ;
; Parallel Synthesis                                                              ; On                       ; On                       ;
; DSP Block Balancing                                                             ; Auto                     ; Auto                     ;
; NOT Gate Push-Back                                                              ; On                       ; On                       ;
; Power-Up Don't Care                                                             ; On                       ; On                       ;
; Remove Redundant Logic Cells                                                    ; Off                      ; Off                      ;
; Remove Duplicate Registers                                                      ; On                       ; On                       ;
; Ignore CARRY Buffers                                                            ; Off                      ; Off                      ;
; Ignore CASCADE Buffers                                                          ; Off                      ; Off                      ;
; Ignore GLOBAL Buffers                                                           ; Off                      ; Off                      ;
; Ignore ROW GLOBAL Buffers                                                       ; Off                      ; Off                      ;
; Ignore LCELL Buffers                                                            ; Off                      ; Off                      ;
; Ignore SOFT Buffers                                                             ; On                       ; On                       ;
; Limit AHDL Integers to 32 Bits                                                  ; Off                      ; Off                      ;
; Optimization Technique                                                          ; Balanced                 ; Balanced                 ;
; Carry Chain Length                                                              ; 70                       ; 70                       ;
; Auto Carry Chains                                                               ; On                       ; On                       ;
; Auto Open-Drain Pins                                                            ; On                       ; On                       ;
; Perform WYSIWYG Primitive Resynthesis                                           ; Off                      ; Off                      ;
; Auto ROM Replacement                                                            ; On                       ; On                       ;
; Auto RAM Replacement                                                            ; On                       ; On                       ;
; Auto DSP Block Replacement                                                      ; On                       ; On                       ;
; Auto Shift Register Replacement                                                 ; Auto                     ; Auto                     ;
; Allow Shift Register Merging across Hierarchies                                 ; Auto                     ; Auto                     ;
; Auto Clock Enable Replacement                                                   ; On                       ; On                       ;
; Strict RAM Replacement                                                          ; Off                      ; Off                      ;
; Allow Synchronous Control Signals                                               ; On                       ; On                       ;
; Force Use of Synchronous Clear Signals                                          ; Off                      ; Off                      ;
; Auto Resource Sharing                                                           ; Off                      ; Off                      ;
; Allow Any RAM Size For Recognition                                              ; Off                      ; Off                      ;
; Allow Any ROM Size For Recognition                                              ; Off                      ; Off                      ;
; Allow Any Shift Register Size For Recognition                                   ; Off                      ; Off                      ;
; Use LogicLock Constraints during Resource Balancing                             ; On                       ; On                       ;
; Ignore translate_off and synthesis_off directives                               ; Off                      ; Off                      ;
; Timing-Driven Synthesis                                                         ; On                       ; On                       ;
; Report Parameter Settings                                                       ; On                       ; On                       ;
; Report Source Assignments                                                       ; On                       ; On                       ;
; Report Connectivity Checks                                                      ; On                       ; On                       ;
; Ignore Maximum Fan-Out Assignments                                              ; Off                      ; Off                      ;
; Synchronization Register Chain Length                                           ; 3                        ; 3                        ;
; Power Optimization During Synthesis                                             ; Normal compilation       ; Normal compilation       ;
; HDL message level                                                               ; Level2                   ; Level2                   ;
; Suppress Register Optimization Related Messages                                 ; Off                      ; Off                      ;
; Number of Removed Registers Reported in Synthesis Report                        ; 5000                     ; 5000                     ;
; Number of Swept Nodes Reported in Synthesis Report                              ; 5000                     ; 5000                     ;
; Number of Inverted Registers Reported in Synthesis Report                       ; 100                      ; 100                      ;
; Clock MUX Protection                                                            ; On                       ; On                       ;
; Auto Gated Clock Conversion                                                     ; Off                      ; Off                      ;
; Block Design Naming                                                             ; Auto                     ; Auto                     ;
; SDC constraint protection                                                       ; Off                      ; Off                      ;
; Synthesis Effort                                                                ; Auto                     ; Auto                     ;
; Shift Register Replacement - Allow Asynchronous Clear Signal                    ; On                       ; On                       ;
; Pre-Mapping Resynthesis Optimization                                            ; Off                      ; Off                      ;
; Analysis & Synthesis Message Level                                              ; Medium                   ; Medium                   ;
; Disable Register Merging Across Hierarchies                                     ; Auto                     ; Auto                     ;
; Resource Aware Inference For Block RAM                                          ; On                       ; On                       ;
; Automatic Parallel Synthesis                                                    ; On                       ; On                       ;
; Partial Reconfiguration Bitstream ID                                            ; Off                      ; Off                      ;
+---------------------------------------------------------------------------------+--------------------------+--------------------------+


+------------------------------------------+
; Parallel Compilation                     ;
+----------------------------+-------------+
; Processors                 ; Number      ;
+----------------------------+-------------+
; Number detected on machine ; 16          ;
; Maximum allowed            ; 16          ;
;                            ;             ;
; Average used               ; 1.00        ;
; Maximum used               ; 16          ;
;                            ;             ;
; Usage by Processor         ; % Time Used ;
;     Processor 1            ; 100.0%      ;
;     Processor 2            ;   0.0%      ;
;     Processors 3-16        ;   0.0%      ;
+----------------------------+-------------+


+-------------------------------------------------------------------------------------------------------------------------------------------------------------------------------------+
; Analysis & Synthesis Source Files Read                                                                                                                                              ;
+----------------------------------+-----------------+----------------------------------+-----------------------------------------------------------------------------------+---------+
; File Name with User-Entered Path ; Used in Netlist ; File Type                        ; File Name with Absolute Path                                                      ; Library ;
+----------------------------------+-----------------+----------------------------------+-----------------------------------------------------------------------------------+---------+
; CycloneV_BlockRomExample.vhd     ; yes             ; User VHDL File                   ; /media/work/Projects/Altera/CycloneV_BlockRomExample/CycloneV_BlockRomExample.vhd ;         ;
; rom.vhd                          ; yes             ; User Wizard-Generated File       ; /media/work/Projects/Altera/CycloneV_BlockRomExample/rom.vhd                      ;         ;
; ROM_Contents.mif                 ; yes             ; User Memory Initialization File  ; /media/work/Projects/Altera/CycloneV_BlockRomExample/ROM_Contents.mif             ;         ;
; altsyncram.tdf                   ; yes             ; Megafunction                     ; /usr/apps/altera/18.0/quartus/libraries/megafunctions/altsyncram.tdf              ;         ;
; stratix_ram_block.inc            ; yes             ; Megafunction                     ; /usr/apps/altera/18.0/quartus/libraries/megafunctions/stratix_ram_block.inc       ;         ;
; lpm_mux.inc                      ; yes             ; Megafunction                     ; /usr/apps/altera/18.0/quartus/libraries/megafunctions/lpm_mux.inc                 ;         ;
; lpm_decode.inc                   ; yes             ; Megafunction                     ; /usr/apps/altera/18.0/quartus/libraries/megafunctions/lpm_decode.inc              ;         ;
; aglobal180.inc                   ; yes             ; Megafunction                     ; /usr/apps/altera/18.0/quartus/libraries/megafunctions/aglobal180.inc              ;         ;
; a_rdenreg.inc                    ; yes             ; Megafunction                     ; /usr/apps/altera/18.0/quartus/libraries/megafunctions/a_rdenreg.inc               ;         ;
; altrom.inc                       ; yes             ; Megafunction                     ; /usr/apps/altera/18.0/quartus/libraries/megafunctions/altrom.inc                  ;         ;
; altram.inc                       ; yes             ; Megafunction                     ; /usr/apps/altera/18.0/quartus/libraries/megafunctions/altram.inc                  ;         ;
; altdpram.inc                     ; yes             ; Megafunction                     ; /usr/apps/altera/18.0/quartus/libraries/megafunctions/altdpram.inc                ;         ;
; db/altsyncram_jk24.tdf           ; yes             ; Auto-Generated Megafunction      ; /media/work/Projects/Altera/CycloneV_BlockRomExample/db/altsyncram_jk24.tdf       ;         ;
+----------------------------------+-----------------+----------------------------------+-----------------------------------------------------------------------------------+---------+


+------------------------------------------------------------------+
; Analysis & Synthesis Resource Usage Summary                      ;
+---------------------------------------------+--------------------+
; Resource                                    ; Usage              ;
+---------------------------------------------+--------------------+
; Estimate of Logic utilization (ALMs needed) ; 28                 ;
;                                             ;                    ;
; Combinational ALUT usage for logic          ; 52                 ;
;     -- 7 input functions                    ; 0                  ;
;     -- 6 input functions                    ; 3                  ;
;     -- 5 input functions                    ; 3                  ;
;     -- 4 input functions                    ; 14                 ;
;     -- <=3 input functions                  ; 32                 ;
;                                             ;                    ;
; Dedicated logic registers                   ; 32                 ;
;                                             ;                    ;
; I/O pins                                    ; 30                 ;
; Total MLAB memory bits                      ; 0                  ;
; Total block memory bits                     ; 2048               ;
;                                             ;                    ;
; Total DSP Blocks                            ; 0                  ;
;                                             ;                    ;
; Maximum fan-out node                        ; CLOCK_50_B5B~input ;
; Maximum fan-out                             ; 24                 ;
; Total fan-out                               ; 377                ;
; Average fan-out                             ; 2.48               ;
+---------------------------------------------+--------------------+


+------------------------------------------------------------------------------------------------------------------------------------------------------------------------------------------------------------------------------------------------------------------------------------------------------+
; Analysis & Synthesis Resource Utilization by Entity                                                                                                                                                                                                                                                  ;
+-------------------------------------------+---------------------+---------------------------+-------------------+------------+------+--------------+-------------------------------------------------------------------------------------------------------+--------------------------+--------------+
; Compilation Hierarchy Node                ; Combinational ALUTs ; Dedicated Logic Registers ; Block Memory Bits ; DSP Blocks ; Pins ; Virtual Pins ; Full Hierarchy Name                                                                                   ; Entity Name              ; Library Name ;
+-------------------------------------------+---------------------+---------------------------+-------------------+------------+------+--------------+-------------------------------------------------------------------------------------------------------+--------------------------+--------------+
; |CycloneV_BlockRomExample                 ; 52 (52)             ; 32 (32)                   ; 2048              ; 0          ; 30   ; 0            ; |CycloneV_BlockRomExample                                                                             ; CycloneV_BlockRomExample ; work         ;
;    |rom:BlockROM|                         ; 0 (0)               ; 0 (0)                     ; 2048              ; 0          ; 0    ; 0            ; |CycloneV_BlockRomExample|rom:BlockROM                                                                ; rom                      ; work         ;
;       |altsyncram:altsyncram_component|   ; 0 (0)               ; 0 (0)                     ; 2048              ; 0          ; 0    ; 0            ; |CycloneV_BlockRomExample|rom:BlockROM|altsyncram:altsyncram_component                                ; altsyncram               ; work         ;
;          |altsyncram_jk24:auto_generated| ; 0 (0)               ; 0 (0)                     ; 2048              ; 0          ; 0    ; 0            ; |CycloneV_BlockRomExample|rom:BlockROM|altsyncram:altsyncram_component|altsyncram_jk24:auto_generated ; altsyncram_jk24          ; work         ;
+-------------------------------------------+---------------------+---------------------------+-------------------+------------+------+--------------+-------------------------------------------------------------------------------------------------------+--------------------------+--------------+
Note: For table entries with two numbers listed, the numbers in parentheses indicate the number of resources of the given type used by the specific entity alone. The numbers listed outside of parentheses indicate the total resources of the given type used by the specific entity and all of its sub-entities in the hierarchy.


+--------------------------------------------------------------------------------------------------------------------------------------------------------------------------------------------------+
; Analysis & Synthesis RAM Summary                                                                                                                                                                 ;
+----------------------------------------------------------------------------------------+------------+------+--------------+--------------+--------------+--------------+------+------------------+
; Name                                                                                   ; Type       ; Mode ; Port A Depth ; Port A Width ; Port B Depth ; Port B Width ; Size ; MIF              ;
+----------------------------------------------------------------------------------------+------------+------+--------------+--------------+--------------+--------------+------+------------------+
; rom:BlockROM|altsyncram:altsyncram_component|altsyncram_jk24:auto_generated|ALTSYNCRAM ; M10K block ; ROM  ; 256          ; 8            ; --           ; --           ; 2048 ; ROM_Contents.mif ;
+----------------------------------------------------------------------------------------+------------+------+--------------+--------------+--------------+--------------+------+------------------+


+--------------------------------------------------------------------------------------------------------------------------+
; Analysis & Synthesis IP Cores Summary                                                                                    ;
+--------+--------------+---------+--------------+--------------+----------------------------------------+-----------------+
; Vendor ; IP Core Name ; Version ; Release Date ; License Type ; Entity Instance                        ; IP Include File ;
+--------+--------------+---------+--------------+--------------+----------------------------------------+-----------------+
; Altera ; ROM: 1-PORT  ; 18.0    ; N/A          ; N/A          ; |CycloneV_BlockRomExample|rom:BlockROM ; rom.vhd         ;
+--------+--------------+---------+--------------+--------------+----------------------------------------+-----------------+


+------------------------------------------------------+
; General Register Statistics                          ;
+----------------------------------------------+-------+
; Statistic                                    ; Value ;
+----------------------------------------------+-------+
; Total registers                              ; 32    ;
; Number of registers using Synchronous Clear  ; 23    ;
; Number of registers using Synchronous Load   ; 0     ;
; Number of registers using Asynchronous Clear ; 0     ;
; Number of registers using Asynchronous Load  ; 0     ;
; Number of registers using Clock Enable       ; 8     ;
; Number of registers using Preset             ; 0     ;
+----------------------------------------------+-------+


+----------------------------------------------------------------------------------------------------+
; Source assignments for rom:BlockROM|altsyncram:altsyncram_component|altsyncram_jk24:auto_generated ;
+---------------------------------+--------------------+------+--------------------------------------+
; Assignment                      ; Value              ; From ; To                                   ;
+---------------------------------+--------------------+------+--------------------------------------+
; OPTIMIZE_POWER_DURING_SYNTHESIS ; NORMAL_COMPILATION ; -    ; -                                    ;
+---------------------------------+--------------------+------+--------------------------------------+


+-------------------------------------------------------------------------------------------+
; Parameter Settings for User Entity Instance: rom:BlockROM|altsyncram:altsyncram_component ;
+------------------------------------+----------------------+-------------------------------+
; Parameter Name                     ; Value                ; Type                          ;
+------------------------------------+----------------------+-------------------------------+
; BYTE_SIZE_BLOCK                    ; 8                    ; Untyped                       ;
; AUTO_CARRY_CHAINS                  ; ON                   ; AUTO_CARRY                    ;
; IGNORE_CARRY_BUFFERS               ; OFF                  ; IGNORE_CARRY                  ;
; AUTO_CASCADE_CHAINS                ; ON                   ; AUTO_CASCADE                  ;
; IGNORE_CASCADE_BUFFERS             ; OFF                  ; IGNORE_CASCADE                ;
; WIDTH_BYTEENA                      ; 1                    ; Untyped                       ;
; OPERATION_MODE                     ; ROM                  ; Untyped                       ;
; WIDTH_A                            ; 8                    ; Signed Integer                ;
; WIDTHAD_A                          ; 8                    ; Signed Integer                ;
; NUMWORDS_A                         ; 256                  ; Signed Integer                ;
; OUTDATA_REG_A                      ; UNREGISTERED         ; Untyped                       ;
; ADDRESS_ACLR_A                     ; NONE                 ; Untyped                       ;
; OUTDATA_ACLR_A                     ; NONE                 ; Untyped                       ;
; WRCONTROL_ACLR_A                   ; NONE                 ; Untyped                       ;
; INDATA_ACLR_A                      ; NONE                 ; Untyped                       ;
; BYTEENA_ACLR_A                     ; NONE                 ; Untyped                       ;
; WIDTH_B                            ; 1                    ; Signed Integer                ;
; WIDTHAD_B                          ; 1                    ; Signed Integer                ;
; NUMWORDS_B                         ; 0                    ; Signed Integer                ;
; INDATA_REG_B                       ; CLOCK1               ; Untyped                       ;
; WRCONTROL_WRADDRESS_REG_B          ; CLOCK1               ; Untyped                       ;
; RDCONTROL_REG_B                    ; CLOCK1               ; Untyped                       ;
; ADDRESS_REG_B                      ; CLOCK1               ; Untyped                       ;
; OUTDATA_REG_B                      ; UNREGISTERED         ; Untyped                       ;
; BYTEENA_REG_B                      ; CLOCK1               ; Untyped                       ;
; INDATA_ACLR_B                      ; NONE                 ; Untyped                       ;
; WRCONTROL_ACLR_B                   ; NONE                 ; Untyped                       ;
; ADDRESS_ACLR_B                     ; NONE                 ; Untyped                       ;
; OUTDATA_ACLR_B                     ; NONE                 ; Untyped                       ;
; RDCONTROL_ACLR_B                   ; NONE                 ; Untyped                       ;
; BYTEENA_ACLR_B                     ; NONE                 ; Untyped                       ;
; WIDTH_BYTEENA_A                    ; 1                    ; Signed Integer                ;
; WIDTH_BYTEENA_B                    ; 1                    ; Signed Integer                ;
; RAM_BLOCK_TYPE                     ; M10K                 ; Untyped                       ;
; BYTE_SIZE                          ; 8                    ; Signed Integer                ;
; READ_DURING_WRITE_MODE_MIXED_PORTS ; DONT_CARE            ; Untyped                       ;
; READ_DURING_WRITE_MODE_PORT_A      ; NEW_DATA_NO_NBE_READ ; Untyped                       ;
; READ_DURING_WRITE_MODE_PORT_B      ; NEW_DATA_NO_NBE_READ ; Untyped                       ;
; INIT_FILE                          ; ROM_Contents.mif     ; Untyped                       ;
; INIT_FILE_LAYOUT                   ; PORT_A               ; Untyped                       ;
; MAXIMUM_DEPTH                      ; 0                    ; Signed Integer                ;
; CLOCK_ENABLE_INPUT_A               ; BYPASS               ; Untyped                       ;
; CLOCK_ENABLE_INPUT_B               ; NORMAL               ; Untyped                       ;
; CLOCK_ENABLE_OUTPUT_A              ; BYPASS               ; Untyped                       ;
; CLOCK_ENABLE_OUTPUT_B              ; NORMAL               ; Untyped                       ;
; CLOCK_ENABLE_CORE_A                ; USE_INPUT_CLKEN      ; Untyped                       ;
; CLOCK_ENABLE_CORE_B                ; USE_INPUT_CLKEN      ; Untyped                       ;
; ENABLE_ECC                         ; FALSE                ; Untyped                       ;
; ECC_PIPELINE_STAGE_ENABLED         ; FALSE                ; Untyped                       ;
; WIDTH_ECCSTATUS                    ; 3                    ; Signed Integer                ;
; DEVICE_FAMILY                      ; Cyclone V            ; Untyped                       ;
; CBXI_PARAMETER                     ; altsyncram_jk24      ; Untyped                       ;
+------------------------------------+----------------------+-------------------------------+
Note: In order to hide this table in the UI and the text report file, please set the "Show Parameter Settings in Synthesis Report" option in "Analysis and Synthesis Settings -> More Settings" to "Off".


+------------------------------------------------------------------------------------------+
; altsyncram Parameter Settings by Entity Instance                                         ;
+-------------------------------------------+----------------------------------------------+
; Name                                      ; Value                                        ;
+-------------------------------------------+----------------------------------------------+
; Number of entity instances                ; 1                                            ;
; Entity Instance                           ; rom:BlockROM|altsyncram:altsyncram_component ;
;     -- OPERATION_MODE                     ; ROM                                          ;
;     -- WIDTH_A                            ; 8                                            ;
;     -- NUMWORDS_A                         ; 256                                          ;
;     -- OUTDATA_REG_A                      ; UNREGISTERED                                 ;
;     -- WIDTH_B                            ; 1                                            ;
;     -- NUMWORDS_B                         ; 0                                            ;
;     -- ADDRESS_REG_B                      ; CLOCK1                                       ;
;     -- OUTDATA_REG_B                      ; UNREGISTERED                                 ;
;     -- RAM_BLOCK_TYPE                     ; M10K                                         ;
;     -- READ_DURING_WRITE_MODE_MIXED_PORTS ; DONT_CARE                                    ;
+-------------------------------------------+----------------------------------------------+


+-----------------------------------------------------+
; Post-Synthesis Netlist Statistics for Top Partition ;
+-----------------------+-----------------------------+
; Type                  ; Count                       ;
+-----------------------+-----------------------------+
; arriav_ff             ; 32                          ;
;     ENA               ; 8                           ;
;     SCLR              ; 23                          ;
;     plain             ; 1                           ;
; arriav_lcell_comb     ; 55                          ;
;     arith             ; 31                          ;
;         1 data inputs ; 24                          ;
;         2 data inputs ; 7                           ;
;     normal            ; 24                          ;
;         0 data inputs ; 1                           ;
;         1 data inputs ; 2                           ;
;         2 data inputs ; 1                           ;
;         4 data inputs ; 14                          ;
;         5 data inputs ; 3                           ;
;         6 data inputs ; 3                           ;
; boundary_port         ; 30                          ;
; stratixv_ram_block    ; 8                           ;
;                       ;                             ;
; Max LUT depth         ; 3.20                        ;
; Average LUT depth     ; 2.04                        ;
+-----------------------+-----------------------------+


+-------------------------------+
; Elapsed Time Per Partition    ;
+----------------+--------------+
; Partition Name ; Elapsed Time ;
+----------------+--------------+
; Top            ; 00:00:00     ;
+----------------+--------------+


+-------------------------------+
; Analysis & Synthesis Messages ;
+-------------------------------+
Info: *******************************************************************
Info: Running Quartus Prime Analysis & Synthesis
    Info: Version 18.0.0 Build 614 04/24/2018 SJ Lite Edition
    Info: Processing started: Sat Sep 22 23:29:41 2018
Info: Command: quartus_map --read_settings_files=on --write_settings_files=off CycloneV_BlockRomExample -c CycloneV_BlockRomExample
Info (125069): Default assignment values were changed in the current version of the Quartus Prime software -- changes to default assignments values are contained in file /usr/apps/altera/18.0/quartus/linux64/assignment_defaults.qdf
Warning (18236): Number of processors has not been specified which may cause overloading on shared machines.  Set the global assignment NUM_PARALLEL_PROCESSORS in your QSF to an appropriate value for best performance.
Info (20030): Parallel compilation is enabled and will use 16 of the 16 processors detected
Info (12021): Found 1 design units, including 1 entities, in source file baseline_c5gx.v
    Info (12023): Found entity 1: baseline_c5gx File: /media/work/Projects/Altera/CycloneV_BlockRomExample/baseline_c5gx.v Line: 38
Info (12021): Found 2 design units, including 1 entities, in source file CycloneV_BlockRomExample.vhd
    Info (12022): Found design unit 1: CycloneV_BlockRomExample-rtl File: /media/work/Projects/Altera/CycloneV_BlockRomExample/CycloneV_BlockRomExample.vhd Line: 38
    Info (12023): Found entity 1: CycloneV_BlockRomExample File: /media/work/Projects/Altera/CycloneV_BlockRomExample/CycloneV_BlockRomExample.vhd Line: 15
Info (12021): Found 2 design units, including 1 entities, in source file rom.vhd
    Info (12022): Found design unit 1: rom-SYN File: /media/work/Projects/Altera/CycloneV_BlockRomExample/rom.vhd Line: 52
    Info (12023): Found entity 1: rom File: /media/work/Projects/Altera/CycloneV_BlockRomExample/rom.vhd Line: 42
Info (12127): Elaborating entity "CycloneV_BlockRomExample" for the top level hierarchy
Warning (10873): Using initial value X (don't care) for net "LEDR[9..8]" at CycloneV_BlockRomExample.vhd(26) File: /media/work/Projects/Altera/CycloneV_BlockRomExample/CycloneV_BlockRomExample.vhd Line: 26
Info (12128): Elaborating entity "rom" for hierarchy "rom:BlockROM" File: /media/work/Projects/Altera/CycloneV_BlockRomExample/CycloneV_BlockRomExample.vhd Line: 73
Info (12128): Elaborating entity "altsyncram" for hierarchy "rom:BlockROM|altsyncram:altsyncram_component" File: /media/work/Projects/Altera/CycloneV_BlockRomExample/rom.vhd Line: 59
Info (12130): Elaborated megafunction instantiation "rom:BlockROM|altsyncram:altsyncram_component" File: /media/work/Projects/Altera/CycloneV_BlockRomExample/rom.vhd Line: 59
Info (12133): Instantiated megafunction "rom:BlockROM|altsyncram:altsyncram_component" with the following parameter: File: /media/work/Projects/Altera/CycloneV_BlockRomExample/rom.vhd Line: 59
    Info (12134): Parameter "address_aclr_a" = "NONE"
    Info (12134): Parameter "address_aclr_b" = "NONE"
    Info (12134): Parameter "address_reg_b" = "CLOCK1"
    Info (12134): Parameter "byte_size" = "8"
    Info (12134): Parameter "byteena_aclr_a" = "UNUSED"
    Info (12134): Parameter "byteena_aclr_b" = "NONE"
    Info (12134): Parameter "byteena_reg_b" = "CLOCK1"
    Info (12134): Parameter "clock_enable_core_a" = "USE_INPUT_CLKEN"
    Info (12134): Parameter "clock_enable_core_b" = "USE_INPUT_CLKEN"
    Info (12134): Parameter "clock_enable_input_a" = "BYPASS"
    Info (12134): Parameter "clock_enable_input_b" = "NORMAL"
    Info (12134): Parameter "clock_enable_output_a" = "BYPASS"
    Info (12134): Parameter "clock_enable_output_b" = "NORMAL"
    Info (12134): Parameter "intended_device_family" = "Cyclone V"
    Info (12134): Parameter "ecc_pipeline_stage_enabled" = "FALSE"
    Info (12134): Parameter "enable_ecc" = "FALSE"
    Info (12134): Parameter "implement_in_les" = "OFF"
    Info (12134): Parameter "indata_aclr_a" = "UNUSED"
    Info (12134): Parameter "indata_aclr_b" = "NONE"
    Info (12134): Parameter "indata_reg_b" = "CLOCK1"
    Info (12134): Parameter "init_file" = "ROM_Contents.mif"
    Info (12134): Parameter "init_file_layout" = "PORT_A"
    Info (12134): Parameter "maximum_depth" = "0"
    Info (12134): Parameter "numwords_a" = "256"
    Info (12134): Parameter "numwords_b" = "0"
    Info (12134): Parameter "operation_mode" = "ROM"
    Info (12134): Parameter "outdata_aclr_a" = "NONE"
    Info (12134): Parameter "outdata_aclr_b" = "NONE"
    Info (12134): Parameter "outdata_reg_a" = "UNREGISTERED"
    Info (12134): Parameter "outdata_reg_b" = "UNREGISTERED"
    Info (12134): Parameter "power_up_uninitialized" = "FALSE"
    Info (12134): Parameter "ram_block_type" = "M10K"
    Info (12134): Parameter "rdcontrol_aclr_b" = "NONE"
    Info (12134): Parameter "rdcontrol_reg_b" = "CLOCK1"
    Info (12134): Parameter "read_during_write_mode_mixed_ports" = "DONT_CARE"
    Info (12134): Parameter "read_during_write_mode_port_a" = "NEW_DATA_NO_NBE_READ"
    Info (12134): Parameter "read_during_write_mode_port_b" = "NEW_DATA_NO_NBE_READ"
    Info (12134): Parameter "stratixiv_m144k_allow_dual_clocks" = "ON"
    Info (12134): Parameter "width_a" = "8"
    Info (12134): Parameter "width_b" = "1"
    Info (12134): Parameter "width_byteena_a" = "1"
    Info (12134): Parameter "width_byteena_b" = "1"
    Info (12134): Parameter "width_eccstatus" = "3"
    Info (12134): Parameter "widthad_a" = "8"
    Info (12134): Parameter "widthad_b" = "1"
    Info (12134): Parameter "wrcontrol_aclr_a" = "UNUSED"
    Info (12134): Parameter "wrcontrol_aclr_b" = "NONE"
    Info (12134): Parameter "wrcontrol_wraddress_reg_b" = "CLOCK1"
    Info (12134): Parameter "lpm_hint" = "ENABLE_RUNTIME_MOD=NO"
    Info (12134): Parameter "lpm_type" = "altsyncram"
Info (12021): Found 1 design units, including 1 entities, in source file db/altsyncram_jk24.tdf
    Info (12023): Found entity 1: altsyncram_jk24 File: /media/work/Projects/Altera/CycloneV_BlockRomExample/db/altsyncram_jk24.tdf Line: 27
Info (12128): Elaborating entity "altsyncram_jk24" for hierarchy "rom:BlockROM|altsyncram:altsyncram_component|altsyncram_jk24:auto_generated" File: /usr/apps/altera/18.0/quartus/libraries/megafunctions/altsyncram.tdf Line: 791
Warning (13024): Output pins are stuck at VCC or GND
    Warning (13410): Pin "LEDR[8]" is stuck at GND File: /media/work/Projects/Altera/CycloneV_BlockRomExample/CycloneV_BlockRomExample.vhd Line: 26
    Warning (13410): Pin "LEDR[9]" is stuck at GND File: /media/work/Projects/Altera/CycloneV_BlockRomExample/CycloneV_BlockRomExample.vhd Line: 26
Info (286030): Timing-Driven Synthesis is running
Info (16010): Generating hard_block partition "hard_block:auto_generated_inst"
    Info (16011): Adding 0 node(s), including 0 DDIO, 0 PLL, 0 transceiver and 0 LCELL
Warning (21074): Design contains 3 input pin(s) that do not drive logic
    Warning (15610): No output dependent on input pin "KEY[1]" File: /media/work/Projects/Altera/CycloneV_BlockRomExample/CycloneV_BlockRomExample.vhd Line: 19
    Warning (15610): No output dependent on input pin "KEY[2]" File: /media/work/Projects/Altera/CycloneV_BlockRomExample/CycloneV_BlockRomExample.vhd Line: 19
    Warning (15610): No output dependent on input pin "CPU_RESET_n" File: /media/work/Projects/Altera/CycloneV_BlockRomExample/CycloneV_BlockRomExample.vhd Line: 32
Info (21057): Implemented 90 device resources after synthesis - the final resource count might be different
    Info (21058): Implemented 6 input pins
    Info (21059): Implemented 24 output pins
    Info (21061): Implemented 52 logic cells
    Info (21064): Implemented 8 RAM segments
Info: Quartus Prime Analysis & Synthesis was successful. 0 errors, 9 warnings
    Info: Peak virtual memory: 1142 megabytes
    Info: Processing ended: Sat Sep 22 23:29:51 2018
    Info: Elapsed time: 00:00:10
    Info: Total CPU time (on all processors): 00:00:28


